TN:
SF:src/controllers/facturaController.js
FN:4,(anonymous_0)
FN:29,(anonymous_1)
FN:40,(anonymous_2)
FN:51,(anonymous_3)
FN:65,(anonymous_4)
FNF:5
FNH:5
FNDA:2,(anonymous_0)
FNDA:2,(anonymous_1)
FNDA:3,(anonymous_2)
FNDA:3,(anonymous_3)
FNDA:5,(anonymous_4)
DA:2,2
DA:4,2
DA:5,2
DA:6,2
DA:7,1
DA:8,1
DA:9,1
DA:11,1
DA:16,1
DA:24,1
DA:25,1
DA:29,2
DA:30,2
DA:31,2
DA:32,1
DA:33,0
DA:35,1
DA:36,1
DA:40,2
DA:41,3
DA:42,3
DA:43,2
DA:44,2
DA:45,1
DA:47,1
DA:51,2
DA:52,3
DA:53,3
DA:54,2
DA:55,2
DA:56,0
DA:58,2
DA:59,1
DA:61,1
DA:65,2
DA:66,5
DA:67,5
DA:68,2
DA:70,3
DA:71,2
DA:73,1
DA:74,1
LF:42
LH:40
BRDA:6,0,0,2
BRDA:6,0,1,1
BRDA:7,1,0,1
BRDA:7,1,1,1
BRDA:32,2,0,1
BRDA:32,2,1,0
BRDA:42,3,0,1
BRDA:42,3,1,2
BRDA:53,4,0,1
BRDA:53,4,1,2
BRDA:58,5,0,1
BRDA:58,5,1,1
BRDA:70,6,0,2
BRDA:70,6,1,1
BRF:14
BRH:13
end_of_record
TN:
SF:src/prisma/client.js
FNF:0
FNH:0
DA:2,2
DA:3,2
DA:5,2
LF:3
LH:3
BRF:0
BRH:0
end_of_record
TN:
SF:src/services/FacturaService.js
FN:4,(anonymous_0)
FN:9,(anonymous_1)
FN:14,(anonymous_2)
FN:18,(anonymous_3)
FN:22,(anonymous_4)
FN:26,(anonymous_5)
FN:30,(anonymous_6)
FN:34,(anonymous_7)
FNF:8
FNH:0
FNDA:0,(anonymous_0)
FNDA:0,(anonymous_1)
FNDA:0,(anonymous_2)
FNDA:0,(anonymous_3)
FNDA:0,(anonymous_4)
FNDA:0,(anonymous_5)
FNDA:0,(anonymous_6)
FNDA:0,(anonymous_7)
DA:1,2
DA:6,0
DA:11,0
DA:15,0
DA:19,0
DA:23,0
DA:27,0
DA:31,0
DA:35,0
DA:39,2
LF:10
LH:2
BRF:0
BRH:0
end_of_record
